e:\github repository\opengl_rendering\opengl rendering\debug\vc142.pdb
e:\github repository\opengl_rendering\opengl rendering\debug\vc142.idb
e:\github repository\opengl_rendering\opengl rendering\debug\main.obj
e:\github repository\opengl_rendering\opengl rendering\debug\imgui_widgets.obj
e:\github repository\opengl_rendering\opengl rendering\debug\imgui_tables.obj
e:\github repository\opengl_rendering\opengl rendering\debug\imgui_impl_opengl3.obj
e:\github repository\opengl_rendering\opengl rendering\debug\imgui_impl_glfw.obj
e:\github repository\opengl_rendering\opengl rendering\debug\imgui_draw.obj
e:\github repository\opengl_rendering\opengl rendering\debug\imgui_demo.obj
e:\github repository\opengl_rendering\opengl rendering\debug\imgui.obj
e:\github repository\opengl_rendering\opengl rendering\debug\shaders.obj
e:\github repository\opengl_rendering\opengl rendering\debug\camera.obj
e:\github repository\opengl_rendering\opengl rendering\debug\mesh.obj
e:\github repository\opengl_rendering\opengl rendering\debug\model.obj
e:\github repository\opengl_rendering\opengl rendering\debug\lightdirectional.obj
e:\github repository\opengl_rendering\opengl rendering\debug\lightspot.obj
e:\github repository\opengl_rendering\opengl rendering\debug\lightpoint.obj
e:\github repository\opengl_rendering\opengl rendering\debug\material.obj
e:\github repository\opengl_rendering\opengl rendering\debug\opengl rendering.pdb
e:\github repository\opengl_rendering\opengl rendering\debug\opengl rendering.tlog\cl.command.1.tlog
e:\github repository\opengl_rendering\opengl rendering\debug\opengl rendering.tlog\cl.read.1.tlog
e:\github repository\opengl_rendering\opengl rendering\debug\opengl rendering.tlog\cl.write.1.tlog
e:\github repository\opengl_rendering\opengl rendering\debug\opengl rendering.tlog\link-cvtres.read.1.tlog
e:\github repository\opengl_rendering\opengl rendering\debug\opengl rendering.tlog\link-cvtres.write.1.tlog
e:\github repository\opengl_rendering\opengl rendering\debug\opengl rendering.tlog\link-rc.read.1.tlog
e:\github repository\opengl_rendering\opengl rendering\debug\opengl rendering.tlog\link-rc.write.1.tlog
e:\github repository\opengl_rendering\opengl rendering\debug\opengl rendering.tlog\link.18416-cvtres.read.1.tlog
e:\github repository\opengl_rendering\opengl rendering\debug\opengl rendering.tlog\link.18416-cvtres.write.1.tlog
e:\github repository\opengl_rendering\opengl rendering\debug\opengl rendering.tlog\link.18416-rc.read.1.tlog
e:\github repository\opengl_rendering\opengl rendering\debug\opengl rendering.tlog\link.18416-rc.write.1.tlog
e:\github repository\opengl_rendering\opengl rendering\debug\opengl rendering.tlog\link.18416.read.1.tlog
e:\github repository\opengl_rendering\opengl rendering\debug\opengl rendering.tlog\link.18416.write.1.tlog
e:\github repository\opengl_rendering\opengl rendering\debug\opengl rendering.tlog\link.command.1.tlog
e:\github repository\opengl_rendering\opengl rendering\debug\opengl rendering.tlog\link.read.1.tlog
e:\github repository\opengl_rendering\opengl rendering\debug\opengl rendering.tlog\link.write.1.tlog
