  main.cpp
LINK : warning LNK4098: 默认库“MSVCRT”与其他库的使用冲突；请使用 /NODEFAULTLIB:library
LINK : warning LNK4098: 默认库“LIBCMT”与其他库的使用冲突；请使用 /NODEFAULTLIB:library
LINK : warning LNK4217: 符号“___glewActiveTexture”(在“ glew32s.lib(glew.obj)”中定义)已由“imgui_impl_opengl3.obj”(函数“"void __cdecl ImGui_ImplOpenGL3_RenderDrawData(struct ImDrawData *)" (?ImGui_ImplOpenGL3_RenderDrawData@@YAXPAUImDrawData@@@Z)”中)导入
LINK : warning LNK4217: 符号“___glewBlendEquation”(在“ glew32s.lib(glew.obj)”中定义)已由“imgui_impl_opengl3.obj”(函数“"void __cdecl ImGui_ImplOpenGL3_SetupRenderState(struct ImDrawData *,int,int,unsigned int)" (?ImGui_ImplOpenGL3_SetupRenderState@@YAXPAUImDrawData@@HHI@Z)”中)导入
LINK : warning LNK4217: 符号“___glewBlendFuncSeparate”(在“ glew32s.lib(glew.obj)”中定义)已由“imgui_impl_opengl3.obj”(函数“"void __cdecl ImGui_ImplOpenGL3_RenderDrawData(struct ImDrawData *)" (?ImGui_ImplOpenGL3_RenderDrawData@@YAXPAUImDrawData@@@Z)”中)导入
LINK : warning LNK4217: 符号“___glewBindBuffer”(在“ glew32s.lib(glew.obj)”中定义)已由“imgui_impl_opengl3.obj”(函数“"bool __cdecl ImGui_ImplOpenGL3_CreateDeviceObjects(void)" (?ImGui_ImplOpenGL3_CreateDeviceObjects@@YA_NXZ)”中)导入
LINK : warning LNK4217: 符号“___glewBufferData”(在“ glew32s.lib(glew.obj)”中定义)已由“imgui_impl_opengl3.obj”(函数“"void __cdecl ImGui_ImplOpenGL3_RenderDrawData(struct ImDrawData *)" (?ImGui_ImplOpenGL3_RenderDrawData@@YAXPAUImDrawData@@@Z)”中)导入
LINK : warning LNK4217: 符号“___glewDeleteBuffers”(在“ glew32s.lib(glew.obj)”中定义)已由“imgui_impl_opengl3.obj”(函数“"void __cdecl ImGui_ImplOpenGL3_DestroyDeviceObjects(void)" (?ImGui_ImplOpenGL3_DestroyDeviceObjects@@YAXXZ)”中)导入
LINK : warning LNK4217: 符号“___glewGenBuffers”(在“ glew32s.lib(glew.obj)”中定义)已由“imgui_impl_opengl3.obj”(函数“"bool __cdecl ImGui_ImplOpenGL3_CreateDeviceObjects(void)" (?ImGui_ImplOpenGL3_CreateDeviceObjects@@YA_NXZ)”中)导入
LINK : warning LNK4217: 符号“___glewAttachShader”(在“ glew32s.lib(glew.obj)”中定义)已由“imgui_impl_opengl3.obj”(函数“"bool __cdecl ImGui_ImplOpenGL3_CreateDeviceObjects(void)" (?ImGui_ImplOpenGL3_CreateDeviceObjects@@YA_NXZ)”中)导入
LINK : warning LNK4217: 符号“___glewBlendEquationSeparate”(在“ glew32s.lib(glew.obj)”中定义)已由“imgui_impl_opengl3.obj”(函数“"void __cdecl ImGui_ImplOpenGL3_RenderDrawData(struct ImDrawData *)" (?ImGui_ImplOpenGL3_RenderDrawData@@YAXPAUImDrawData@@@Z)”中)导入
LINK : warning LNK4217: 符号“___glewCompileShader”(在“ glew32s.lib(glew.obj)”中定义)已由“imgui_impl_opengl3.obj”(函数“"bool __cdecl ImGui_ImplOpenGL3_CreateDeviceObjects(void)" (?ImGui_ImplOpenGL3_CreateDeviceObjects@@YA_NXZ)”中)导入
LINK : warning LNK4217: 符号“___glewCreateProgram”(在“ glew32s.lib(glew.obj)”中定义)已由“imgui_impl_opengl3.obj”(函数“"bool __cdecl ImGui_ImplOpenGL3_CreateDeviceObjects(void)" (?ImGui_ImplOpenGL3_CreateDeviceObjects@@YA_NXZ)”中)导入
LINK : warning LNK4217: 符号“___glewCreateShader”(在“ glew32s.lib(glew.obj)”中定义)已由“imgui_impl_opengl3.obj”(函数“"bool __cdecl ImGui_ImplOpenGL3_CreateDeviceObjects(void)" (?ImGui_ImplOpenGL3_CreateDeviceObjects@@YA_NXZ)”中)导入
LINK : warning LNK4217: 符号“___glewDeleteProgram”(在“ glew32s.lib(glew.obj)”中定义)已由“imgui_impl_opengl3.obj”(函数“"void __cdecl ImGui_ImplOpenGL3_DestroyDeviceObjects(void)" (?ImGui_ImplOpenGL3_DestroyDeviceObjects@@YAXXZ)”中)导入
LINK : warning LNK4217: 符号“___glewDeleteShader”(在“ glew32s.lib(glew.obj)”中定义)已由“imgui_impl_opengl3.obj”(函数“"void __cdecl ImGui_ImplOpenGL3_DestroyDeviceObjects(void)" (?ImGui_ImplOpenGL3_DestroyDeviceObjects@@YAXXZ)”中)导入
LINK : warning LNK4217: 符号“___glewDetachShader”(在“ glew32s.lib(glew.obj)”中定义)已由“imgui_impl_opengl3.obj”(函数“"void __cdecl ImGui_ImplOpenGL3_DestroyDeviceObjects(void)" (?ImGui_ImplOpenGL3_DestroyDeviceObjects@@YAXXZ)”中)导入
LINK : warning LNK4217: 符号“___glewEnableVertexAttribArray”(在“ glew32s.lib(glew.obj)”中定义)已由“imgui_impl_opengl3.obj”(函数“"void __cdecl ImGui_ImplOpenGL3_SetupRenderState(struct ImDrawData *,int,int,unsigned int)" (?ImGui_ImplOpenGL3_SetupRenderState@@YAXPAUImDrawData@@HHI@Z)”中)导入
LINK : warning LNK4217: 符号“___glewGetAttribLocation”(在“ glew32s.lib(glew.obj)”中定义)已由“imgui_impl_opengl3.obj”(函数“"bool __cdecl ImGui_ImplOpenGL3_CreateDeviceObjects(void)" (?ImGui_ImplOpenGL3_CreateDeviceObjects@@YA_NXZ)”中)导入
LINK : warning LNK4217: 符号“___glewGetProgramInfoLog”(在“ glew32s.lib(glew.obj)”中定义)已由“imgui_impl_opengl3.obj”(函数“"bool __cdecl CheckProgram(unsigned int,char const *)" (?CheckProgram@@YA_NIPBD@Z)”中)导入
LINK : warning LNK4217: 符号“___glewGetProgramiv”(在“ glew32s.lib(glew.obj)”中定义)已由“imgui_impl_opengl3.obj”(函数“"bool __cdecl CheckProgram(unsigned int,char const *)" (?CheckProgram@@YA_NIPBD@Z)”中)导入
LINK : warning LNK4217: 符号“___glewGetShaderInfoLog”(在“ glew32s.lib(glew.obj)”中定义)已由“imgui_impl_opengl3.obj”(函数“"bool __cdecl CheckShader(unsigned int,char const *)" (?CheckShader@@YA_NIPBD@Z)”中)导入
LINK : warning LNK4217: 符号“___glewGetShaderiv”(在“ glew32s.lib(glew.obj)”中定义)已由“imgui_impl_opengl3.obj”(函数“"bool __cdecl CheckShader(unsigned int,char const *)" (?CheckShader@@YA_NIPBD@Z)”中)导入
LINK : warning LNK4217: 符号“___glewGetUniformLocation”(在“ glew32s.lib(glew.obj)”中定义)已由“imgui_impl_opengl3.obj”(函数“"bool __cdecl ImGui_ImplOpenGL3_CreateDeviceObjects(void)" (?ImGui_ImplOpenGL3_CreateDeviceObjects@@YA_NXZ)”中)导入
LINK : warning LNK4217: 符号“___glewLinkProgram”(在“ glew32s.lib(glew.obj)”中定义)已由“imgui_impl_opengl3.obj”(函数“"bool __cdecl ImGui_ImplOpenGL3_CreateDeviceObjects(void)" (?ImGui_ImplOpenGL3_CreateDeviceObjects@@YA_NXZ)”中)导入
LINK : warning LNK4217: 符号“___glewShaderSource”(在“ glew32s.lib(glew.obj)”中定义)已由“imgui_impl_opengl3.obj”(函数“"bool __cdecl ImGui_ImplOpenGL3_CreateDeviceObjects(void)" (?ImGui_ImplOpenGL3_CreateDeviceObjects@@YA_NXZ)”中)导入
LINK : warning LNK4217: 符号“___glewUniform1i”(在“ glew32s.lib(glew.obj)”中定义)已由“imgui_impl_opengl3.obj”(函数“"void __cdecl ImGui_ImplOpenGL3_SetupRenderState(struct ImDrawData *,int,int,unsigned int)" (?ImGui_ImplOpenGL3_SetupRenderState@@YAXPAUImDrawData@@HHI@Z)”中)导入
LINK : warning LNK4217: 符号“___glewUniformMatrix4fv”(在“ glew32s.lib(glew.obj)”中定义)已由“imgui_impl_opengl3.obj”(函数“"void __cdecl ImGui_ImplOpenGL3_SetupRenderState(struct ImDrawData *,int,int,unsigned int)" (?ImGui_ImplOpenGL3_SetupRenderState@@YAXPAUImDrawData@@HHI@Z)”中)导入
LINK : warning LNK4217: 符号“___glewUseProgram”(在“ glew32s.lib(glew.obj)”中定义)已由“imgui_impl_opengl3.obj”(函数“"void __cdecl ImGui_ImplOpenGL3_RenderDrawData(struct ImDrawData *)" (?ImGui_ImplOpenGL3_RenderDrawData@@YAXPAUImDrawData@@@Z)”中)导入
LINK : warning LNK4217: 符号“___glewVertexAttribPointer”(在“ glew32s.lib(glew.obj)”中定义)已由“imgui_impl_opengl3.obj”(函数“"void __cdecl ImGui_ImplOpenGL3_SetupRenderState(struct ImDrawData *,int,int,unsigned int)" (?ImGui_ImplOpenGL3_SetupRenderState@@YAXPAUImDrawData@@HHI@Z)”中)导入
LINK : warning LNK4217: 符号“___glewDrawElementsBaseVertex”(在“ glew32s.lib(glew.obj)”中定义)已由“imgui_impl_opengl3.obj”(函数“"void __cdecl ImGui_ImplOpenGL3_RenderDrawData(struct ImDrawData *)" (?ImGui_ImplOpenGL3_RenderDrawData@@YAXPAUImDrawData@@@Z)”中)导入
LINK : warning LNK4217: 符号“___glewBindSampler”(在“ glew32s.lib(glew.obj)”中定义)已由“imgui_impl_opengl3.obj”(函数“"void __cdecl ImGui_ImplOpenGL3_RenderDrawData(struct ImDrawData *)" (?ImGui_ImplOpenGL3_RenderDrawData@@YAXPAUImDrawData@@@Z)”中)导入
LINK : warning LNK4217: 符号“___glewBindVertexArray”(在“ glew32s.lib(glew.obj)”中定义)已由“imgui_impl_opengl3.obj”(函数“"bool __cdecl ImGui_ImplOpenGL3_CreateDeviceObjects(void)" (?ImGui_ImplOpenGL3_CreateDeviceObjects@@YA_NXZ)”中)导入
LINK : warning LNK4217: 符号“___glewDeleteVertexArrays”(在“ glew32s.lib(glew.obj)”中定义)已由“imgui_impl_opengl3.obj”(函数“"void __cdecl ImGui_ImplOpenGL3_RenderDrawData(struct ImDrawData *)" (?ImGui_ImplOpenGL3_RenderDrawData@@YAXPAUImDrawData@@@Z)”中)导入
LINK : warning LNK4217: 符号“___glewGenVertexArrays”(在“ glew32s.lib(glew.obj)”中定义)已由“imgui_impl_opengl3.obj”(函数“"void __cdecl ImGui_ImplOpenGL3_RenderDrawData(struct ImDrawData *)" (?ImGui_ImplOpenGL3_RenderDrawData@@YAXPAUImDrawData@@@Z)”中)导入
glew32s.lib(glew.obj) : warning LNK4099: 未找到 PDB“vc120.pdb”(使用“glew32s.lib(glew.obj)”或在“E:\github repository\OpenGL_Rendering\OpenGL Rendering\Debug\vc120.pdb”中寻找)；正在链接对象，如同没有调试信息一样
  OpenGL Rendering.vcxproj -> E:\github repository\OpenGL_Rendering\OpenGL Rendering\Debug\OpenGL Rendering.exe
